c:\users\preet\onedrive - seneca\sem_2\oop244\labs\workshop1\part1\diy1\x64\debug\vc143.pdb
c:\users\preet\onedrive - seneca\sem_2\oop244\labs\workshop1\part1\diy1\x64\debug\vc143.idb
c:\users\preet\onedrive - seneca\sem_2\oop244\labs\workshop1\part1\diy1\x64\debug\directory.obj
c:\users\preet\onedrive - seneca\sem_2\oop244\labs\workshop1\part1\diy1\x64\debug\cstrtools.obj
c:\users\preet\onedrive - seneca\sem_2\oop244\labs\workshop1\part1\diy1\x64\debug\phone.obj
c:\users\preet\onedrive - seneca\sem_2\oop244\labs\workshop1\part1\diy1\x64\debug\diy1.exe
c:\users\preet\onedrive - seneca\sem_2\oop244\labs\workshop1\part1\diy1\x64\debug\diy1.ilk
c:\users\preet\onedrive - seneca\sem_2\oop244\labs\workshop1\part1\diy1\x64\debug\diy1.pdb
c:\users\preet\onedrive - seneca\sem_2\oop244\labs\workshop1\part1\diy1\x64\debug\diy1.tlog\cl.command.1.tlog
c:\users\preet\onedrive - seneca\sem_2\oop244\labs\workshop1\part1\diy1\x64\debug\diy1.tlog\cl.items.tlog
c:\users\preet\onedrive - seneca\sem_2\oop244\labs\workshop1\part1\diy1\x64\debug\diy1.tlog\cl.read.1.tlog
c:\users\preet\onedrive - seneca\sem_2\oop244\labs\workshop1\part1\diy1\x64\debug\diy1.tlog\cl.write.1.tlog
c:\users\preet\onedrive - seneca\sem_2\oop244\labs\workshop1\part1\diy1\x64\debug\diy1.tlog\link-cvtres.read.1.tlog
c:\users\preet\onedrive - seneca\sem_2\oop244\labs\workshop1\part1\diy1\x64\debug\diy1.tlog\link-cvtres.write.1.tlog
c:\users\preet\onedrive - seneca\sem_2\oop244\labs\workshop1\part1\diy1\x64\debug\diy1.tlog\link-rc.read.1.tlog
c:\users\preet\onedrive - seneca\sem_2\oop244\labs\workshop1\part1\diy1\x64\debug\diy1.tlog\link-rc.write.1.tlog
c:\users\preet\onedrive - seneca\sem_2\oop244\labs\workshop1\part1\diy1\x64\debug\diy1.tlog\link.44848-cvtres.read.1.tlog
c:\users\preet\onedrive - seneca\sem_2\oop244\labs\workshop1\part1\diy1\x64\debug\diy1.tlog\link.44848-cvtres.write.1.tlog
c:\users\preet\onedrive - seneca\sem_2\oop244\labs\workshop1\part1\diy1\x64\debug\diy1.tlog\link.44848-rc.read.1.tlog
c:\users\preet\onedrive - seneca\sem_2\oop244\labs\workshop1\part1\diy1\x64\debug\diy1.tlog\link.44848-rc.write.1.tlog
c:\users\preet\onedrive - seneca\sem_2\oop244\labs\workshop1\part1\diy1\x64\debug\diy1.tlog\link.44848.read.1.tlog
c:\users\preet\onedrive - seneca\sem_2\oop244\labs\workshop1\part1\diy1\x64\debug\diy1.tlog\link.44848.read.2.tlog
c:\users\preet\onedrive - seneca\sem_2\oop244\labs\workshop1\part1\diy1\x64\debug\diy1.tlog\link.44848.write.1.tlog
c:\users\preet\onedrive - seneca\sem_2\oop244\labs\workshop1\part1\diy1\x64\debug\diy1.tlog\link.command.1.tlog
c:\users\preet\onedrive - seneca\sem_2\oop244\labs\workshop1\part1\diy1\x64\debug\diy1.tlog\link.read.1.tlog
c:\users\preet\onedrive - seneca\sem_2\oop244\labs\workshop1\part1\diy1\x64\debug\diy1.tlog\link.read.2.tlog
c:\users\preet\onedrive - seneca\sem_2\oop244\labs\workshop1\part1\diy1\x64\debug\diy1.tlog\link.write.1.tlog
